--2017-07-05 17:36:45--  http://zfin.org/downloads/phenoGeneCleanData_fish.txt
Resolving zfin.org (zfin.org)... 184.171.92.30
Connecting to zfin.org (zfin.org)|184.171.92.30|:80... connected.
HTTP request sent, awaiting response... 200 OK
Length: 23276363 (22M) [text/plain]
Saving to: ‘phenoGeneCleanData_fish.txt’

     0K .......... .......... .......... .......... ..........  0%  149K 2m33s
    50K .......... .......... .......... .......... ..........  0%  302K 1m54s
   100K .......... .......... .......... .......... ..........  0%  100M 76s
   150K .......... .......... .......... .......... ..........  0%  116M 57s
   200K .......... .......... .......... .......... ..........  1%  293K 61s
   250K .......... .......... .......... .......... ..........  1%  109M 50s
   300K .......... .......... .......... .......... ..........  1% 73.1M 43s
   350K .......... .......... .......... .......... ..........  1% 78.2M 38s
   400K .......... .......... .......... .......... ..........  1%  308K 41s
   450K .......... .......... .......... .......... ..........  2% 38.4M 37s
   500K .......... .......... .......... .......... ..........  2%  108M 34s
   550K .......... .......... .......... .......... ..........  2%  109M 31s
   600K .......... .......... .......... .......... ..........  2% 91.1M 29s
   650K .......... .......... .......... .......... ..........  3% 29.8M 27s
   700K .......... .......... .......... .......... ..........  3%  110M 25s
   750K .......... .......... .......... .......... ..........  3% 75.6M 23s
   800K .......... .......... .......... .......... ..........  3% 90.9M 22s
   850K .......... .......... .......... .......... ..........  3%  312K 24s
   900K .......... .......... .......... .......... ..........  4% 21.8M 23s
   950K .......... .......... .......... .......... ..........  4% 79.6M 22s
  1000K .......... .......... .......... .......... ..........  4% 36.4M 21s
  1050K .......... .......... .......... .......... ..........  4% 49.9M 20s
  1100K .......... .......... .......... .......... ..........  5% 67.7M 19s
  1150K .......... .......... .......... .......... ..........  5% 77.1M 18s
  1200K .......... .......... .......... .......... ..........  5% 35.2M 17s
  1250K .......... .......... .......... .......... ..........  5%  296K 19s
  1300K .......... .......... .......... .......... ..........  5% 87.0M 19s
  1350K .......... .......... .......... .......... ..........  6% 13.7M 18s
  1400K .......... .......... .......... .......... ..........  6% 56.0M 17s
  1450K .......... .......... .......... .......... ..........  6% 74.0M 17s
  1500K .......... .......... .......... .......... ..........  6% 69.9M 16s
  1550K .......... .......... .......... .......... ..........  7%  113M 16s
  1600K .......... .......... .......... .......... ..........  7% 98.7M 15s
  1650K .......... .......... .......... .......... ..........  7% 86.9M 15s
  1700K .......... .......... .......... .......... ..........  7% 78.8M 14s
  1750K .......... .......... .......... .......... ..........  7% 2.13M 14s
  1800K .......... .......... .......... .......... ..........  8%  222M 14s
  1850K .......... .......... .......... .......... ..........  8%  225M 13s
  1900K .......... .......... .......... .......... ..........  8%  201M 13s
  1950K .......... .......... .......... .......... ..........  8%  276M 13s
  2000K .......... .......... .......... .......... ..........  9%  252M 12s
  2050K .......... .......... .......... .......... ..........  9%  258M 12s
  2100K .......... .......... .......... .......... ..........  9%  230M 12s
  2150K .......... .......... .......... .......... ..........  9%  250M 11s
  2200K .......... .......... .......... .......... ..........  9%  260M 11s
  2250K .......... .......... .......... .......... .......... 10%  282M 11s
  2300K .......... .......... .......... .......... .......... 10%  223M 11s
  2350K .......... .......... .......... .......... .......... 10%  253M 10s
  2400K .......... .......... .......... .......... .......... 10%  270M 10s
  2450K .......... .......... .......... .......... .......... 10%  265M 10s
  2500K .......... .......... .......... .......... .......... 11%  228M 10s
  2550K .......... .......... .......... .......... .......... 11%  278M 9s
  2600K .......... .......... .......... .......... .......... 11%  416K 10s
  2650K .......... .......... .......... .......... .......... 11% 29.9M 10s
  2700K .......... .......... .......... .......... .......... 12%  101M 10s
  2750K .......... .......... .......... .......... .......... 12% 39.3M 10s
  2800K .......... .......... .......... .......... .......... 12% 38.7M 9s
  2850K .......... .......... .......... .......... .......... 12% 29.0M 9s
  2900K .......... .......... .......... .......... .......... 12% 1.28M 9s
  2950K .......... .......... .......... .......... .......... 13% 76.9M 9s
  3000K .......... .......... .......... .......... .......... 13%  112M 9s
  3050K .......... .......... .......... .......... .......... 13%  101M 9s
  3100K .......... .......... .......... .......... .......... 13% 88.5M 9s
  3150K .......... .......... .......... .......... .......... 14%  107M 8s
  3200K .......... .......... .......... .......... .......... 14% 94.8M 8s
  3250K .......... .......... .......... .......... .......... 14%  106M 8s
  3300K .......... .......... .......... .......... .......... 14% 79.1M 8s
  3350K .......... .......... .......... .......... .......... 14%  429K 9s
  3400K .......... .......... .......... .......... .......... 15% 18.9M 8s
  3450K .......... .......... .......... .......... .......... 15% 55.4M 8s
  3500K .......... .......... .......... .......... .......... 15% 31.4M 8s
  3550K .......... .......... .......... .......... .......... 15% 70.1M 8s
  3600K .......... .......... .......... .......... .......... 16% 34.3M 8s
  3650K .......... .......... .......... .......... .......... 16% 1.23M 8s
  3700K .......... .......... .......... .......... .......... 16% 53.0M 8s
  3750K .......... .......... .......... .......... .......... 16% 59.8M 8s
  3800K .......... .......... .......... .......... .......... 16% 56.2M 8s
  3850K .......... .......... .......... .......... .......... 17% 56.5M 7s
  3900K .......... .......... .......... .......... .......... 17% 71.1M 7s
  3950K .......... .......... .......... .......... .......... 17% 80.0M 7s
  4000K .......... .......... .......... .......... .......... 17%  108M 7s
  4050K .......... .......... .......... .......... .......... 18% 77.1M 7s
  4100K .......... .......... .......... .......... .......... 18%  445K 7s
  4150K .......... .......... .......... .......... .......... 18% 18.9M 7s
  4200K .......... .......... .......... .......... .......... 18% 29.9M 7s
  4250K .......... .......... .......... .......... .......... 18% 61.4M 7s
  4300K .......... .......... .......... .......... .......... 19% 37.6M 7s
  4350K .......... .......... .......... .......... .......... 19% 85.8M 7s
  4400K .......... .......... .......... .......... .......... 19%  107M 7s
  4450K .......... .......... .......... .......... .......... 19% 1.19M 7s
  4500K .......... .......... .......... .......... .......... 20% 55.5M 7s
  4550K .......... .......... .......... .......... .......... 20% 52.3M 7s
  4600K .......... .......... .......... .......... .......... 20% 29.2M 7s
  4650K .......... .......... .......... .......... .......... 20% 69.3M 7s
  4700K .......... .......... .......... .......... .......... 20% 66.7M 7s
  4750K .......... .......... .......... .......... .......... 21% 72.0M 6s
  4800K .......... .......... .......... .......... .......... 21% 29.2M 6s
  4850K .......... .......... .......... .......... .......... 21% 23.1M 6s
  4900K .......... .......... .......... .......... .......... 21%  461K 7s
  4950K .......... .......... .......... .......... .......... 21% 18.3M 7s
  5000K .......... .......... .......... .......... .......... 22% 48.6M 6s
  5050K .......... .......... .......... .......... .......... 22% 18.6M 6s
  5100K .......... .......... .......... .......... .......... 22% 32.2M 6s
  5150K .......... .......... .......... .......... .......... 22% 73.7M 6s
  5200K .......... .......... .......... .......... .......... 23% 44.5M 6s
  5250K .......... .......... .......... .......... .......... 23% 1.26M 6s
  5300K .......... .......... .......... .......... .......... 23% 28.7M 6s
  5350K .......... .......... .......... .......... .......... 23% 66.0M 6s
  5400K .......... .......... .......... .......... .......... 23% 21.8M 6s
  5450K .......... .......... .......... .......... .......... 24% 28.8M 6s
  5500K .......... .......... .......... .......... .......... 24% 59.8M 6s
  5550K .......... .......... .......... .......... .......... 24% 38.9M 6s
  5600K .......... .......... .......... .......... .......... 24% 26.4M 6s
  5650K .......... .......... .......... .......... .......... 25% 17.5M 6s
  5700K .......... .......... .......... .......... .......... 25%  479K 6s
  5750K .......... .......... .......... .......... .......... 25% 15.3M 6s
  5800K .......... .......... .......... .......... .......... 25% 30.0M 6s
  5850K .......... .......... .......... .......... .......... 25% 15.5M 6s
  5900K .......... .......... .......... .......... .......... 26% 23.5M 6s
  5950K .......... .......... .......... .......... .......... 26% 65.1M 6s
  6000K .......... .......... .......... .......... .......... 26% 29.3M 6s
  6050K .......... .......... .......... .......... .......... 26% 1.32M 6s
  6100K .......... .......... .......... .......... .......... 27% 26.9M 6s
  6150K .......... .......... .......... .......... .......... 27% 43.0M 5s
  6200K .......... .......... .......... .......... .......... 27% 16.8M 5s
  6250K .......... .......... .......... .......... .......... 27% 34.1M 5s
  6300K .......... .......... .......... .......... .......... 27% 25.6M 5s
  6350K .......... .......... .......... .......... .......... 28% 36.8M 5s
  6400K .......... .......... .......... .......... .......... 28% 18.5M 5s
  6450K .......... .......... .......... .......... .......... 28% 21.2M 5s
  6500K .......... .......... .......... .......... .......... 28%  493K 5s
  6550K .......... .......... .......... .......... .......... 29% 14.7M 5s
  6600K .......... .......... .......... .......... .......... 29% 59.9M 5s
  6650K .......... .......... .......... .......... .......... 29% 16.2M 5s
  6700K .......... .......... .......... .......... .......... 29% 19.2M 5s
  6750K .......... .......... .......... .......... .......... 29% 17.2M 5s
  6800K .......... .......... .......... .......... .......... 30% 23.2M 5s
  6850K .......... .......... .......... .......... .......... 30% 1.44M 5s
  6900K .......... .......... .......... .......... .......... 30% 26.9M 5s
  6950K .......... .......... .......... .......... .......... 30% 26.1M 5s
  7000K .......... .......... .......... .......... .......... 31% 23.5M 5s
  7050K .......... .......... .......... .......... .......... 31% 14.0M 5s
  7100K .......... .......... .......... .......... .......... 31% 31.4M 5s
  7150K .......... .......... .......... .......... .......... 31% 22.9M 5s
  7200K .......... .......... .......... .......... .......... 31% 29.4M 5s
  7250K .......... .......... .......... .......... .......... 32% 20.5M 5s
  7300K .......... .......... .......... .......... .......... 32%  511K 5s
  7350K .......... .......... .......... .......... .......... 32% 17.9M 5s
  7400K .......... .......... .......... .......... .......... 32% 12.2M 5s
  7450K .......... .......... .......... .......... .......... 32% 73.4M 5s
  7500K .......... .......... .......... .......... .......... 33% 13.5M 5s
  7550K .......... .......... .......... .......... .......... 33% 10.3M 5s
  7600K .......... .......... .......... .......... .......... 33% 29.4M 5s
  7650K .......... .......... .......... .......... .......... 33% 20.5M 5s
  7700K .......... .......... .......... .......... .......... 34% 1.49M 5s
  7750K .......... .......... .......... .......... .......... 34% 56.0M 5s
  7800K .......... .......... .......... .......... .......... 34% 17.7M 5s
  7850K .......... .......... .......... .......... .......... 34% 13.2M 4s
  7900K .......... .......... .......... .......... .......... 34% 18.3M 4s
  7950K .......... .......... .......... .......... .......... 35% 22.8M 4s
  8000K .......... .......... .......... .......... .......... 35% 25.5M 4s
  8050K .......... .......... .......... .......... .......... 35% 88.1M 4s
  8100K .......... .......... .......... .......... .......... 35% 12.8M 4s
  8150K .......... .......... .......... .......... .......... 36%  527K 4s
  8200K .......... .......... .......... .......... .......... 36% 17.0M 4s
  8250K .......... .......... .......... .......... .......... 36% 11.0M 4s
  8300K .......... .......... .......... .......... .......... 36% 28.9M 4s
  8350K .......... .......... .......... .......... .......... 36% 15.5M 4s
  8400K .......... .......... .......... .......... .......... 37% 8.17M 4s
  8450K .......... .......... .......... .......... .......... 37% 25.0M 4s
  8500K .......... .......... .......... .......... .......... 37% 15.8M 4s
  8550K .......... .......... .......... .......... .......... 37% 1.49M 4s
  8600K .......... .......... .......... .......... .......... 38% 38.5M 4s
  8650K .......... .......... .......... .......... .......... 38% 18.0M 4s
  8700K .......... .......... .......... .......... .......... 38% 10.4M 4s
  8750K .......... .......... .......... .......... .......... 38% 18.7M 4s
  8800K .......... .......... .......... .......... .......... 38% 31.8M 4s
  8850K .......... .......... .......... .......... .......... 39% 15.8M 4s
  8900K .......... .......... .......... .......... .......... 39% 67.1M 4s
  8950K .......... .......... .......... .......... .......... 39% 18.1M 4s
  9000K .......... .......... .......... .......... .......... 39%  557K 4s
  9050K .......... .......... .......... .......... .......... 40% 18.5M 4s
  9100K .......... .......... .......... .......... .......... 40% 9.48M 4s
  9150K .......... .......... .......... .......... .......... 40% 53.3M 4s
  9200K .......... .......... .......... .......... .......... 40% 13.3M 4s
  9250K .......... .......... .......... .......... .......... 40% 8.70M 4s
  9300K .......... .......... .......... .......... .......... 41% 28.5M 4s
  9350K .......... .......... .......... .......... .......... 41% 15.5M 4s
  9400K .......... .......... .......... .......... .......... 41% 1.53M 4s
  9450K .......... .......... .......... .......... .......... 41% 17.0M 4s
  9500K .......... .......... .......... .......... .......... 42% 18.3M 4s
  9550K .......... .......... .......... .......... .......... 42% 23.1M 4s
  9600K .......... .......... .......... .......... .......... 42% 13.9M 4s
  9650K .......... .......... .......... .......... .......... 42% 22.5M 4s
  9700K .......... .......... .......... .......... .......... 42% 19.1M 4s
  9750K .......... .......... .......... .......... .......... 43% 21.8M 4s
  9800K .......... .......... .......... .......... .......... 43% 28.2M 4s
  9850K .......... .......... .......... .......... .......... 43% 12.3M 4s
  9900K .......... .......... .......... .......... .......... 43%  560K 4s
  9950K .......... .......... .......... .......... .......... 43% 6.77M 4s
 10000K .......... .......... .......... .......... .......... 44% 74.4M 4s
 10050K .......... .......... .......... .......... .......... 44% 19.7M 4s
 10100K .......... .......... .......... .......... .......... 44% 13.2M 4s
 10150K .......... .......... .......... .......... .......... 44% 11.3M 3s
 10200K .......... .......... .......... .......... .......... 45% 20.4M 3s
 10250K .......... .......... .......... .......... .......... 45% 11.5M 3s
 10300K .......... .......... .......... .......... .......... 45% 1.54M 3s
 10350K .......... .......... .......... .......... .......... 45% 27.5M 3s
 10400K .......... .......... .......... .......... .......... 45% 11.3M 3s
 10450K .......... .......... .......... .......... .......... 46% 12.1M 3s
 10500K .......... .......... .......... .......... .......... 46% 31.5M 3s
 10550K .......... .......... .......... .......... .......... 46% 27.9M 3s
 10600K .......... .......... .......... .......... .......... 46% 14.5M 3s
 10650K .......... .......... .......... .......... .......... 47% 21.2M 3s
 10700K .......... .......... .......... .......... .......... 47% 20.8M 3s
 10750K .......... .......... .......... .......... .......... 47% 10.8M 3s
 10800K .......... .......... .......... .......... .......... 47%  598K 3s
 10850K .......... .......... .......... .......... .......... 47% 5.87M 3s
 10900K .......... .......... .......... .......... .......... 48% 19.4M 3s
 10950K .......... .......... .......... .......... .......... 48% 27.7M 3s
 11000K .......... .......... .......... .......... .......... 48% 13.6M 3s
 11050K .......... .......... .......... .......... .......... 48% 11.8M 3s
 11100K .......... .......... .......... .......... .......... 49% 11.2M 3s
 11150K .......... .......... .......... .......... .......... 49% 1.59M 3s
 11200K .......... .......... .......... .......... .......... 49% 21.1M 3s
 11250K .......... .......... .......... .......... .......... 49% 15.0M 3s
 11300K .......... .......... .......... .......... .......... 49% 13.7M 3s
 11350K .......... .......... .......... .......... .......... 50% 9.72M 3s
 11400K .......... .......... .......... .......... .......... 50% 44.8M 3s
 11450K .......... .......... .......... .......... .......... 50% 30.3M 3s
 11500K .......... .......... .......... .......... .......... 50% 11.0M 3s
 11550K .......... .......... .......... .......... .......... 51% 15.5M 3s
 11600K .......... .......... .......... .......... .......... 51% 12.9M 3s
 11650K .......... .......... .......... .......... .......... 51% 12.0M 3s
 11700K .......... .......... .......... .......... .......... 51%  639K 3s
 11750K .......... .......... .......... .......... .......... 51% 6.64M 3s
 11800K .......... .......... .......... .......... .......... 52% 19.0M 3s
 11850K .......... .......... .......... .......... .......... 52% 29.9M 3s
 11900K .......... .......... .......... .......... .......... 52% 10.6M 3s
 11950K .......... .......... .......... .......... .......... 52% 16.0M 3s
 12000K .......... .......... .......... .......... .......... 53% 8.51M 3s
 12050K .......... .......... .......... .......... .......... 53% 1.63M 3s
 12100K .......... .......... .......... .......... .......... 53% 22.5M 3s
 12150K .......... .......... .......... .......... .......... 53% 14.1M 3s
 12200K .......... .......... .......... .......... .......... 53% 16.4M 3s
 12250K .......... .......... .......... .......... .......... 54% 7.59M 3s
 12300K .......... .......... .......... .......... .......... 54% 31.7M 3s
 12350K .......... .......... .......... .......... .......... 54% 22.8M 3s
 12400K .......... .......... .......... .......... .......... 54% 11.0M 3s
 12450K .......... .......... .......... .......... .......... 54% 12.9M 3s
 12500K .......... .......... .......... .......... .......... 55% 16.4M 3s
 12550K .......... .......... .......... .......... .......... 55% 8.17M 3s
 12600K .......... .......... .......... .......... .......... 55%  657K 3s
 12650K .......... .......... .......... .......... .......... 55% 13.6M 3s
 12700K .......... .......... .......... .......... .......... 56% 9.47M 3s
 12750K .......... .......... .......... .......... .......... 56% 18.8M 3s
 12800K .......... .......... .......... .......... .......... 56% 14.4M 3s
 12850K .......... .......... .......... .......... .......... 56% 12.0M 3s
 12900K .......... .......... .......... .......... .......... 56% 13.7M 3s
 12950K .......... .......... .......... .......... .......... 57% 7.57M 3s
 13000K .......... .......... .......... .......... .......... 57% 1.76M 3s
 13050K .......... .......... .......... .......... .......... 57% 19.8M 2s
 13100K .......... .......... .......... .......... .......... 57% 16.9M 2s
 13150K .......... .......... .......... .......... .......... 58% 6.97M 2s
 13200K .......... .......... .......... .......... .......... 58% 40.9M 2s
 13250K .......... .......... .......... .......... .......... 58% 35.9M 2s
 13300K .......... .......... .......... .......... .......... 58% 14.5M 2s
 13350K .......... .......... .......... .......... .......... 58% 9.61M 2s
 13400K .......... .......... .......... .......... .......... 59% 41.8M 2s
 13450K .......... .......... .......... .......... .......... 59% 6.14M 2s
 13500K .......... .......... .......... .......... .......... 59%  668K 2s
 13550K .......... .......... .......... .......... .......... 59% 13.3M 2s
 13600K .......... .......... .......... .......... .......... 60% 7.08M 2s
 13650K .......... .......... .......... .......... .......... 60% 15.4M 2s
 13700K .......... .......... .......... .......... .......... 60% 25.5M 2s
 13750K .......... .......... .......... .......... .......... 60% 91.0M 2s
 13800K .......... .......... .......... .......... .......... 60% 11.6M 2s
 13850K .......... .......... .......... .......... .......... 61% 5.94M 2s
 13900K .......... .......... .......... .......... .......... 61% 1.81M 2s
 13950K .......... .......... .......... .......... .......... 61% 17.3M 2s
 14000K .......... .......... .......... .......... .......... 61% 6.26M 2s
 14050K .......... .......... .......... .......... .......... 62% 94.8M 2s
 14100K .......... .......... .......... .......... .......... 62% 10.1M 2s
 14150K .......... .......... .......... .......... .......... 62% 74.2M 2s
 14200K .......... .......... .......... .......... .......... 62% 23.3M 2s
 14250K .......... .......... .......... .......... .......... 62% 13.0M 2s
 14300K .......... .......... .......... .......... .......... 63% 9.17M 2s
 14350K .......... .......... .......... .......... .......... 63% 17.4M 2s
 14400K .......... .......... .......... .......... .......... 63% 5.30M 2s
 14450K .......... .......... .......... .......... .......... 63%  662K 2s
 14500K .......... .......... .......... .......... .......... 64% 24.2M 2s
 14550K .......... .......... .......... .......... .......... 64% 8.76M 2s
 14600K .......... .......... .......... .......... .......... 64% 13.6M 2s
 14650K .......... .......... .......... .......... .......... 64% 15.4M 2s
 14700K .......... .......... .......... .......... .......... 64% 11.7M 2s
 14750K .......... .......... .......... .......... .......... 65% 28.1M 2s
 14800K .......... .......... .......... .......... .......... 65% 5.88M 2s
 14850K .......... .......... .......... .......... .......... 65% 2.02M 2s
 14900K .......... .......... .......... .......... .......... 65% 22.7M 2s
 14950K .......... .......... .......... .......... .......... 65% 7.01M 2s
 15000K .......... .......... .......... .......... .......... 66% 43.9M 2s
 15050K .......... .......... .......... .......... .......... 66% 10.9M 2s
 15100K .......... .......... .......... .......... .......... 66% 38.4M 2s
 15150K .......... .......... .......... .......... .......... 66% 24.8M 2s
 15200K .......... .......... .......... .......... .......... 67% 4.67M 2s
 15250K .......... .......... .......... .......... .......... 67% 8.39M 2s
 15300K .......... .......... .......... .......... .......... 67% 18.8M 2s
 15350K .......... .......... .......... .......... .......... 67% 12.9M 2s
 15400K .......... .......... .......... .......... .......... 67%  694K 2s
 15450K .......... .......... .......... .......... .......... 68% 22.5M 2s
 15500K .......... .......... .......... .......... .......... 68% 9.29M 2s
 15550K .......... .......... .......... .......... .......... 68% 8.34M 2s
 15600K .......... .......... .......... .......... .......... 68% 29.1M 2s
 15650K .......... .......... .......... .......... .......... 69% 13.4M 2s
 15700K .......... .......... .......... .......... .......... 69% 9.37M 2s
 15750K .......... .......... .......... .......... .......... 69% 9.33M 2s
 15800K .......... .......... .......... .......... .......... 69% 1.82M 2s
 15850K .......... .......... .......... .......... .......... 69% 32.2M 2s
 15900K .......... .......... .......... .......... .......... 70% 5.19M 2s
 15950K .......... .......... .......... .......... .......... 70% 29.3M 2s
 16000K .......... .......... .......... .......... .......... 70% 42.2M 2s
 16050K .......... .......... .......... .......... .......... 70% 30.0M 2s
 16100K .......... .......... .......... .......... .......... 71% 56.9M 2s
 16150K .......... .......... .......... .......... .......... 71% 11.0M 2s
 16200K .......... .......... .......... .......... .......... 71% 3.86M 2s
 16250K .......... .......... .......... .......... .......... 71% 16.5M 2s
 16300K .......... .......... .......... .......... .......... 71% 10.6M 2s
 16350K .......... .......... .......... .......... .......... 72%  697K 2s
 16400K .......... .......... .......... .......... .......... 72% 25.7M 2s
 16450K .......... .......... .......... .......... .......... 72% 10.7M 2s
 16500K .......... .......... .......... .......... .......... 72% 19.9M 1s
 16550K .......... .......... .......... .......... .......... 73% 24.3M 1s
 16600K .......... .......... .......... .......... .......... 73% 8.56M 1s
 16650K .......... .......... .......... .......... .......... 73% 8.72M 1s
 16700K .......... .......... .......... .......... .......... 73% 11.6M 1s
 16750K .......... .......... .......... .......... .......... 73% 1.87M 1s
 16800K .......... .......... .......... .......... .......... 74% 12.5M 1s
 16850K .......... .......... .......... .......... .......... 74% 6.82M 1s
 16900K .......... .......... .......... .......... .......... 74% 32.9M 1s
 16950K .......... .......... .......... .......... .......... 74% 49.4M 1s
 17000K .......... .......... .......... .......... .......... 75% 31.1M 1s
 17050K .......... .......... .......... .......... .......... 75% 28.4M 1s
 17100K .......... .......... .......... .......... .......... 75% 11.2M 1s
 17150K .......... .......... .......... .......... .......... 75% 4.09M 1s
 17200K .......... .......... .......... .......... .......... 75% 43.4M 1s
 17250K .......... .......... .......... .......... .......... 76% 8.77M 1s
 17300K .......... .......... .......... .......... .......... 76%  757K 1s
 17350K .......... .......... .......... .......... .......... 76% 5.62M 1s
 17400K .......... .......... .......... .......... .......... 76% 6.93M 1s
 17450K .......... .......... .......... .......... .......... 76% 32.5M 1s
 17500K .......... .......... .......... .......... .......... 77% 20.5M 1s
 17550K .......... .......... .......... .......... .......... 77% 25.7M 1s
 17600K .......... .......... .......... .......... .......... 77% 15.8M 1s
 17650K .......... .......... .......... .......... .......... 77% 5.78M 1s
 17700K .......... .......... .......... .......... .......... 78% 1.93M 1s
 17750K .......... .......... .......... .......... .......... 78% 12.4M 1s
 17800K .......... .......... .......... .......... .......... 78% 7.66M 1s
 17850K .......... .......... .......... .......... .......... 78% 17.1M 1s
 17900K .......... .......... .......... .......... .......... 78% 25.0M 1s
 17950K .......... .......... .......... .......... .......... 79% 37.1M 1s
 18000K .......... .......... .......... .......... .......... 79% 75.7M 1s
 18050K .......... .......... .......... .......... .......... 79% 22.1M 1s
 18100K .......... .......... .......... .......... .......... 79% 5.16M 1s
 18150K .......... .......... .......... .......... .......... 80% 8.01M 1s
 18200K .......... .......... .......... .......... .......... 80% 11.0M 1s
 18250K .......... .......... .......... .......... .......... 80% 12.3M 1s
 18300K .......... .......... .......... .......... .......... 80%  689K 1s
 18350K .......... .......... .......... .......... .......... 80% 13.7M 1s
 18400K .......... .......... .......... .......... .......... 81% 9.66M 1s
 18450K .......... .......... .......... .......... .......... 81% 23.8M 1s
 18500K .......... .......... .......... .......... .......... 81% 37.6M 1s
 18550K .......... .......... .......... .......... .......... 81% 12.1M 1s
 18600K .......... .......... .......... .......... .......... 82% 12.5M 1s
 18650K .......... .......... .......... .......... .......... 82% 6.76M 1s
 18700K .......... .......... .......... .......... .......... 82% 2.03M 1s
 18750K .......... .......... .......... .......... .......... 82% 9.81M 1s
 18800K .......... .......... .......... .......... .......... 82% 8.31M 1s
 18850K .......... .......... .......... .......... .......... 83% 16.0M 1s
 18900K .......... .......... .......... .......... .......... 83% 97.6M 1s
 18950K .......... .......... .......... .......... .......... 83% 38.3M 1s
 19000K .......... .......... .......... .......... .......... 83% 37.8M 1s
 19050K .......... .......... .......... .......... .......... 84% 8.81M 1s
 19100K .......... .......... .......... .......... .......... 84% 4.62M 1s
 19150K .......... .......... .......... .......... .......... 84% 30.9M 1s
 19200K .......... .......... .......... .......... .......... 84% 7.75M 1s
 19250K .......... .......... .......... .......... .......... 84% 1.89M 1s
 19300K .......... .......... .......... .......... .......... 85% 1.02M 1s
 19350K .......... .......... .......... .......... .......... 85% 6.05M 1s
 19400K .......... .......... .......... .......... .......... 85% 21.0M 1s
 19450K .......... .......... .......... .......... .......... 85% 16.4M 1s
 19500K .......... .......... .......... .......... .......... 86%  107M 1s
 19550K .......... .......... .......... .......... .......... 86% 16.7M 1s
 19600K .......... .......... .......... .......... .......... 86% 12.3M 1s
 19650K .......... .......... .......... .......... .......... 86% 6.64M 1s
 19700K .......... .......... .......... .......... .......... 86% 1.99M 1s
 19750K .......... .......... .......... .......... .......... 87% 7.17M 1s
 19800K .......... .......... .......... .......... .......... 87% 14.2M 1s
 19850K .......... .......... .......... .......... .......... 87% 13.2M 1s
 19900K .......... .......... .......... .......... .......... 87% 86.7M 1s
 19950K .......... .......... .......... .......... .......... 87% 90.8M 1s
 20000K .......... .......... .......... .......... .......... 88% 29.4M 1s
 20050K .......... .......... .......... .......... .......... 88% 12.2M 1s
 20100K .......... .......... .......... .......... .......... 88% 4.12M 1s
 20150K .......... .......... .......... .......... .......... 88% 17.7M 1s
 20200K .......... .......... .......... .......... .......... 89% 7.76M 1s
 20250K .......... .......... .......... .......... .......... 89%  781K 1s
 20300K .......... .......... .......... .......... .......... 89% 5.50M 1s
 20350K .......... .......... .......... .......... .......... 89% 6.92M 1s
 20400K .......... .......... .......... .......... .......... 89% 16.9M 1s
 20450K .......... .......... .......... .......... .......... 90% 18.5M 1s
 20500K .......... .......... .......... .......... .......... 90%  101M 0s
 20550K .......... .......... .......... .......... .......... 90% 16.0M 0s
 20600K .......... .......... .......... .......... .......... 90% 17.8M 0s
 20650K .......... .......... .......... .......... .......... 91% 5.94M 0s
 20700K .......... .......... .......... .......... .......... 91% 2.02M 0s
 20750K .......... .......... .......... .......... .......... 91% 7.36M 0s
 20800K .......... .......... .......... .......... .......... 91% 11.0M 0s
 20850K .......... .......... .......... .......... .......... 91% 18.6M 0s
 20900K .......... .......... .......... .......... .......... 92% 81.1M 0s
 20950K .......... .......... .......... .......... .......... 92% 72.8M 0s
 21000K .......... .......... .......... .......... .......... 92% 29.1M 0s
 21050K .......... .......... .......... .......... .......... 92% 12.0M 0s
 21100K .......... .......... .......... .......... .......... 93% 3.90M 0s
 21150K .......... .......... .......... .......... .......... 93% 21.4M 0s
 21200K .......... .......... .......... .......... .......... 93% 7.10M 0s
 21250K .......... .......... .......... .......... .......... 93%  720K 0s
 21300K .......... .......... .......... .......... .......... 93% 27.4M 0s
 21350K .......... .......... .......... .......... .......... 94% 7.01M 0s
 21400K .......... .......... .......... .......... .......... 94% 10.2M 0s
 21450K .......... .......... .......... .......... .......... 94% 26.5M 0s
 21500K .......... .......... .......... .......... .......... 94% 83.1M 0s
 21550K .......... .......... .......... .......... .......... 95% 15.3M 0s
 21600K .......... .......... .......... .......... .......... 95% 14.0M 0s
 21650K .......... .......... .......... .......... .......... 95% 5.45M 0s
 21700K .......... .......... .......... .......... .......... 95% 2.18M 0s
 21750K .......... .......... .......... .......... .......... 95% 6.78M 0s
 21800K .......... .......... .......... .......... .......... 96% 10.8M 0s
 21850K .......... .......... .......... .......... .......... 96% 24.2M 0s
 21900K .......... .......... .......... .......... .......... 96% 80.1M 0s
 21950K .......... .......... .......... .......... .......... 96% 93.1M 0s
 22000K .......... .......... .......... .......... .......... 97% 9.96M 0s
 22050K .......... .......... .......... .......... .......... 97% 54.3M 0s
 22100K .......... .......... .......... .......... .......... 97% 3.79M 0s
 22150K .......... .......... .......... .......... .......... 97% 26.6M 0s
 22200K .......... .......... .......... .......... .......... 97% 6.03M 0s
 22250K .......... .......... .......... .......... .......... 98%  728K 0s
 22300K .......... .......... .......... .......... .......... 98% 45.3M 0s
 22350K .......... .......... .......... .......... .......... 98% 6.54M 0s
 22400K .......... .......... .......... .......... .......... 98% 11.3M 0s
 22450K .......... .......... .......... .......... .......... 98% 20.9M 0s
 22500K .......... .......... .......... .......... .......... 99% 74.2M 0s
 22550K .......... .......... .......... .......... .......... 99% 15.4M 0s
 22600K .......... .......... .......... .......... .......... 99% 17.4M 0s
 22650K .......... .......... .......... .......... .......... 99% 6.88M 0s
 22700K .......... .......... ..........                      100% 1.25M=5.0s

2017-07-05 17:36:51 (4.40 MB/s) - ‘phenoGeneCleanData_fish.txt’ saved [23276363/23276363]

