--2017-07-05 17:36:51--  http://zfin.org/downloads/phenotype_fish.txt
Resolving zfin.org (zfin.org)... 184.171.92.30
Connecting to zfin.org (zfin.org)|184.171.92.30|:80... connected.
HTTP request sent, awaiting response... 200 OK
Length: 27948577 (27M) [text/plain]
Saving to: ‘phenotype_fish.txt’

     0K .......... .......... .......... .......... ..........  0%  150K 3m2s
    50K .......... .......... .......... .......... ..........  0%  301K 2m16s
   100K .......... .......... .......... .......... ..........  0% 27.0M 91s
   150K .......... .......... .......... .......... ..........  0% 96.7M 68s
   200K .......... .......... .......... .......... ..........  0%  305K 72s
   250K .......... .......... .......... .......... ..........  1% 48.7M 60s
   300K .......... .......... .......... .......... ..........  1% 49.4M 51s
   350K .......... .......... .......... .......... ..........  1% 86.4M 45s
   400K .......... .......... .......... .......... ..........  1%  308K 50s
   450K .......... .......... .......... .......... ..........  1% 34.4M 45s
   500K .......... .......... .......... .......... ..........  2% 92.4M 40s
   550K .......... .......... .......... .......... ..........  2% 97.6M 37s
   600K .......... .......... .......... .......... ..........  2% 59.9M 34s
   650K .......... .......... .......... .......... ..........  2% 85.9M 32s
   700K .......... .......... .......... .......... ..........  2% 62.9M 30s
   750K .......... .......... .......... .......... ..........  2% 29.2M 28s
   800K .......... .......... .......... .......... ..........  3%  112M 26s
   850K .......... .......... .......... .......... ..........  3%  313K 29s
   900K .......... .......... .......... .......... ..........  3% 48.9M 28s
   950K .......... .......... .......... .......... ..........  3% 66.8M 26s
  1000K .......... .......... .......... .......... ..........  3% 82.9M 25s
  1050K .......... .......... .......... .......... ..........  4% 71.8M 24s
  1100K .......... .......... .......... .......... ..........  4% 51.0M 23s
  1150K .......... .......... .......... .......... ..........  4% 92.2M 22s
  1200K .......... .......... .......... .......... ..........  4% 57.0M 21s
  1250K .......... .......... .......... .......... ..........  4% 54.3M 20s
  1300K .......... .......... .......... .......... ..........  4% 65.4M 19s
  1350K .......... .......... .......... .......... ..........  5% 66.6M 19s
  1400K .......... .......... .......... .......... ..........  5% 81.2M 18s
  1450K .......... .......... .......... .......... ..........  5%  295K 20s
  1500K .......... .......... .......... .......... ..........  5% 58.7M 20s
  1550K .......... .......... .......... .......... ..........  5%  151M 19s
  1600K .......... .......... .......... .......... ..........  6%  187M 18s
  1650K .......... .......... .......... .......... ..........  6%  234M 18s
  1700K .......... .......... .......... .......... ..........  6%  209M 17s
  1750K .......... .......... .......... .......... ..........  6%  240M 17s
  1800K .......... .......... .......... .......... ..........  6%  254M 16s
  1850K .......... .......... .......... .......... ..........  6%  254M 16s
  1900K .......... .......... .......... .......... ..........  7%  200M 15s
  1950K .......... .......... .......... .......... ..........  7%  269M 15s
  2000K .......... .......... .......... .......... ..........  7%  240M 15s
  2050K .......... .......... .......... .......... ..........  7%  315K 16s
  2100K .......... .......... .......... .......... ..........  7% 54.0M 16s
  2150K .......... .......... .......... .......... ..........  8% 41.0M 15s
  2200K .......... .......... .......... .......... ..........  8% 60.6M 15s
  2250K .......... .......... .......... .......... ..........  8% 53.8M 15s
  2300K .......... .......... .......... .......... ..........  8% 38.2M 14s
  2350K .......... .......... .......... .......... ..........  8%  258M 14s
  2400K .......... .......... .......... .......... ..........  8%  217M 14s
  2450K .......... .......... .......... .......... ..........  9%  256M 13s
  2500K .......... .......... .......... .......... ..........  9%  242M 13s
  2550K .......... .......... .......... .......... ..........  9%  227M 13s
  2600K .......... .......... .......... .......... ..........  9%  270M 12s
  2650K .......... .......... .......... .......... ..........  9%  229M 12s
  2700K .......... .......... .......... .......... .......... 10%  207M 12s
  2750K .......... .......... .......... .......... .......... 10%  259M 12s
  2800K .......... .......... .......... .......... .......... 10%  270M 12s
  2850K .......... .......... .......... .......... .......... 10% 46.6M 11s
  2900K .......... .......... .......... .......... .......... 10%  325K 12s
  2950K .......... .......... .......... .......... .......... 10% 85.8M 12s
  3000K .......... .......... .......... .......... .......... 11% 70.3M 12s
  3050K .......... .......... .......... .......... .......... 11% 80.3M 12s
  3100K .......... .......... .......... .......... .......... 11%  107M 12s
  3150K .......... .......... .......... .......... .......... 11% 12.5M 11s
  3200K .......... .......... .......... .......... .......... 11% 18.6M 11s
  3250K .......... .......... .......... .......... .......... 12%  107M 11s
  3300K .......... .......... .......... .......... .......... 12% 43.0M 11s
  3350K .......... .......... .......... .......... .......... 12% 98.8M 11s
  3400K .......... .......... .......... .......... .......... 12%  320K 12s
  3450K .......... .......... .......... .......... .......... 12% 37.1M 11s
  3500K .......... .......... .......... .......... .......... 13% 25.0M 11s
  3550K .......... .......... .......... .......... .......... 13% 99.1M 11s
  3600K .......... .......... .......... .......... .......... 13% 13.0M 11s
  3650K .......... .......... .......... .......... .......... 13% 27.1M 11s
  3700K .......... .......... .......... .......... .......... 13% 46.4M 11s
  3750K .......... .......... .......... .......... .......... 13% 58.2M 10s
  3800K .......... .......... .......... .......... .......... 14%  321K 11s
  3850K .......... .......... .......... .......... .......... 14% 19.0M 11s
  3900K .......... .......... .......... .......... .......... 14% 26.8M 11s
  3950K .......... .......... .......... .......... .......... 14% 68.2M 11s
  4000K .......... .......... .......... .......... .......... 14% 19.4M 11s
  4050K .......... .......... .......... .......... .......... 15% 40.3M 10s
  4100K .......... .......... .......... .......... .......... 15% 34.8M 10s
  4150K .......... .......... .......... .......... .......... 15% 47.5M 10s
  4200K .......... .......... .......... .......... .......... 15%  324K 11s
  4250K .......... .......... .......... .......... .......... 15% 32.1M 11s
  4300K .......... .......... .......... .......... .......... 15% 25.9M 11s
  4350K .......... .......... .......... .......... .......... 16% 36.6M 10s
  4400K .......... .......... .......... .......... .......... 16% 25.5M 10s
  4450K .......... .......... .......... .......... .......... 16% 33.4M 10s
  4500K .......... .......... .......... .......... .......... 16% 37.7M 10s
  4550K .......... .......... .......... .......... .......... 16% 48.3M 10s
  4600K .......... .......... .......... .......... .......... 17%  322K 11s
  4650K .......... .......... .......... .......... .......... 17% 35.1M 10s
  4700K .......... .......... .......... .......... .......... 17% 19.5M 10s
  4750K .......... .......... .......... .......... .......... 17% 23.3M 10s
  4800K .......... .......... .......... .......... .......... 17% 82.2M 10s
  4850K .......... .......... .......... .......... .......... 17% 15.4M 10s
  4900K .......... .......... .......... .......... .......... 18% 33.2M 10s
  4950K .......... .......... .......... .......... .......... 18% 32.7M 10s
  5000K .......... .......... .......... .......... .......... 18%  328K 10s
  5050K .......... .......... .......... .......... .......... 18% 19.5M 10s
  5100K .......... .......... .......... .......... .......... 18% 14.4M 10s
  5150K .......... .......... .......... .......... .......... 19% 60.2M 10s
  5200K .......... .......... .......... .......... .......... 19% 21.3M 10s
  5250K .......... .......... .......... .......... .......... 19% 12.6M 10s
  5300K .......... .......... .......... .......... .......... 19% 42.1M 10s
  5350K .......... .......... .......... .......... .......... 19% 25.6M 10s
  5400K .......... .......... .......... .......... .......... 19%  329K 10s
  5450K .......... .......... .......... .......... .......... 20% 25.3M 10s
  5500K .......... .......... .......... .......... .......... 20% 33.1M 10s
  5550K .......... .......... .......... .......... .......... 20% 37.1M 10s
  5600K .......... .......... .......... .......... .......... 20% 16.3M 10s
  5650K .......... .......... .......... .......... .......... 20% 16.6M 10s
  5700K .......... .......... .......... .......... .......... 21% 18.6M 9s
  5750K .......... .......... .......... .......... .......... 21% 24.1M 9s
  5800K .......... .......... .......... .......... .......... 21%  331K 10s
  5850K .......... .......... .......... .......... .......... 21% 26.6M 10s
  5900K .......... .......... .......... .......... .......... 21% 20.3M 10s
  5950K .......... .......... .......... .......... .......... 21% 39.3M 9s
  6000K .......... .......... .......... .......... .......... 22% 28.9M 9s
  6050K .......... .......... .......... .......... .......... 22% 23.3M 9s
  6100K .......... .......... .......... .......... .......... 22% 13.8M 9s
  6150K .......... .......... .......... .......... .......... 22% 24.5M 9s
  6200K .......... .......... .......... .......... .......... 22% 16.2M 9s
  6250K .......... .......... .......... .......... .......... 23%  322K 9s
  6300K .......... .......... .......... .......... .......... 23% 49.1M 9s
  6350K .......... .......... .......... .......... .......... 23% 27.2M 9s
  6400K .......... .......... .......... .......... .......... 23% 41.2M 9s
  6450K .......... .......... .......... .......... .......... 23% 27.4M 9s
  6500K .......... .......... .......... .......... .......... 23% 44.8M 9s
  6550K .......... .......... .......... .......... .......... 24% 19.7M 9s
  6600K .......... .......... .......... .......... .......... 24% 26.7M 9s
  6650K .......... .......... .......... .......... .......... 24% 1.44M 9s
  6700K .......... .......... .......... .......... .......... 24%  404K 9s
  6750K .......... .......... .......... .......... .......... 24% 30.3M 9s
  6800K .......... .......... .......... .......... .......... 25% 95.9M 9s
  6850K .......... .......... .......... .......... .......... 25% 94.7M 9s
  6900K .......... .......... .......... .......... .......... 25% 40.7M 9s
  6950K .......... .......... .......... .......... .......... 25% 26.9M 9s
  7000K .......... .......... .......... .......... .......... 25% 92.6M 9s
  7050K .......... .......... .......... .......... .......... 26% 10.5M 9s
  7100K .......... .......... .......... .......... .......... 26%  335K 9s
  7150K .......... .......... .......... .......... .......... 26% 7.58M 9s
  7200K .......... .......... .......... .......... .......... 26% 51.7M 9s
  7250K .......... .......... .......... .......... .......... 26% 59.9M 9s
  7300K .......... .......... .......... .......... .......... 26% 42.5M 9s
  7350K .......... .......... .......... .......... .......... 27% 97.0M 9s
  7400K .......... .......... .......... .......... .......... 27% 17.2M 8s
  7450K .......... .......... .......... .......... .......... 27% 83.3M 8s
  7500K .......... .......... .......... .......... .......... 27% 10.8M 8s
  7550K .......... .......... .......... .......... .......... 27%  331K 9s
  7600K .......... .......... .......... .......... .......... 28% 13.0M 9s
  7650K .......... .......... .......... .......... .......... 28% 99.6M 8s
  7700K .......... .......... .......... .......... .......... 28% 68.5M 8s
  7750K .......... .......... .......... .......... .......... 28% 69.6M 8s
  7800K .......... .......... .......... .......... .......... 28%  107M 8s
  7850K .......... .......... .......... .......... .......... 28% 8.72M 8s
  7900K .......... .......... .......... .......... .......... 29% 53.6M 8s
  7950K .......... .......... .......... .......... .......... 29% 27.3M 8s
  8000K .......... .......... .......... .......... .......... 29%  332K 8s
  8050K .......... .......... .......... .......... .......... 29% 12.1M 8s
  8100K .......... .......... .......... .......... .......... 29% 44.5M 8s
  8150K .......... .......... .......... .......... .......... 30% 61.6M 8s
  8200K .......... .......... .......... .......... .......... 30%  120M 8s
  8250K .......... .......... .......... .......... .......... 30%  110M 8s
  8300K .......... .......... .......... .......... .......... 30% 7.95M 8s
  8350K .......... .......... .......... .......... .......... 30% 11.8M 8s
  8400K .......... .......... .......... .......... .......... 30% 94.4M 8s
  8450K .......... .......... .......... .......... .......... 31%  336K 8s
  8500K .......... .......... .......... .......... .......... 31% 14.7M 8s
  8550K .......... .......... .......... .......... .......... 31% 53.9M 8s
  8600K .......... .......... .......... .......... .......... 31% 24.8M 8s
  8650K .......... .......... .......... .......... .......... 31% 69.9M 8s
  8700K .......... .......... .......... .......... .......... 32% 73.4M 8s
  8750K .......... .......... .......... .......... .......... 32% 8.52M 8s
  8800K .......... .......... .......... .......... .......... 32% 16.3M 8s
  8850K .......... .......... .......... .......... .......... 32% 18.1M 8s
  8900K .......... .......... .......... .......... .......... 32%  343K 8s
  8950K .......... .......... .......... .......... .......... 32% 12.9M 8s
  9000K .......... .......... .......... .......... .......... 33% 20.0M 8s
  9050K .......... .......... .......... .......... .......... 33%  102M 8s
  9100K .......... .......... .......... .......... .......... 33% 48.9M 8s
  9150K .......... .......... .......... .......... .......... 33% 34.3M 8s
  9200K .......... .......... .......... .......... .......... 33% 7.24M 8s
  9250K .......... .......... .......... .......... .......... 34% 16.1M 7s
  9300K .......... .......... .......... .......... .......... 34% 15.2M 7s
  9350K .......... .......... .......... .......... .......... 34%  348K 8s
  9400K .......... .......... .......... .......... .......... 34% 13.3M 8s
  9450K .......... .......... .......... .......... .......... 34% 42.9M 7s
  9500K .......... .......... .......... .......... .......... 34% 17.9M 7s
  9550K .......... .......... .......... .......... .......... 35% 66.0M 7s
  9600K .......... .......... .......... .......... .......... 35% 48.8M 7s
  9650K .......... .......... .......... .......... .......... 35% 6.28M 7s
  9700K .......... .......... .......... .......... .......... 35% 21.3M 7s
  9750K .......... .......... .......... .......... .......... 35% 13.5M 7s
  9800K .......... .......... .......... .......... .......... 36%  351K 7s
  9850K .......... .......... .......... .......... .......... 36% 14.5M 7s
  9900K .......... .......... .......... .......... .......... 36% 15.1M 7s
  9950K .......... .......... .......... .......... .......... 36% 17.7M 7s
 10000K .......... .......... .......... .......... .......... 36% 49.7M 7s
 10050K .......... .......... .......... .......... .......... 37% 60.4M 7s
 10100K .......... .......... .......... .......... .......... 37% 6.24M 7s
 10150K .......... .......... .......... .......... .......... 37% 18.3M 7s
 10200K .......... .......... .......... .......... .......... 37% 14.7M 7s
 10250K .......... .......... .......... .......... .......... 37%  357K 7s
 10300K .......... .......... .......... .......... .......... 37% 11.9M 7s
 10350K .......... .......... .......... .......... .......... 38% 18.7M 7s
 10400K .......... .......... .......... .......... .......... 38% 18.2M 7s
 10450K .......... .......... .......... .......... .......... 38% 38.8M 7s
 10500K .......... .......... .......... .......... .......... 38% 28.0M 7s
 10550K .......... .......... .......... .......... .......... 38% 7.72M 7s
 10600K .......... .......... .......... .......... .......... 39% 14.5M 7s
 10650K .......... .......... .......... .......... .......... 39% 15.6M 7s
 10700K .......... .......... .......... .......... .......... 39%  354K 7s
 10750K .......... .......... .......... .......... .......... 39% 12.4M 7s
 10800K .......... .......... .......... .......... .......... 39% 22.2M 7s
 10850K .......... .......... .......... .......... .......... 39% 18.6M 7s
 10900K .......... .......... .......... .......... .......... 40% 28.5M 7s
 10950K .......... .......... .......... .......... .......... 40% 32.8M 7s
 11000K .......... .......... .......... .......... .......... 40% 11.0M 7s
 11050K .......... .......... .......... .......... .......... 40% 6.30M 7s
 11100K .......... .......... .......... .......... .......... 40% 7.79M 7s
 11150K .......... .......... .......... .......... .......... 41%  372K 7s
 11200K .......... .......... .......... .......... .......... 41% 14.3M 7s
 11250K .......... .......... .......... .......... .......... 41% 20.0M 7s
 11300K .......... .......... .......... .......... .......... 41% 9.42M 7s
 11350K .......... .......... .......... .......... .......... 41% 85.3M 7s
 11400K .......... .......... .......... .......... .......... 41% 22.4M 6s
 11450K .......... .......... .......... .......... .......... 42% 9.48M 6s
 11500K .......... .......... .......... .......... .......... 42% 7.70M 6s
 11550K .......... .......... .......... .......... .......... 42% 6.35M 6s
 11600K .......... .......... .......... .......... .......... 42%  380K 6s
 11650K .......... .......... .......... .......... .......... 42% 6.71M 6s
 11700K .......... .......... .......... .......... .......... 43% 72.5M 6s
 11750K .......... .......... .......... .......... .......... 43% 16.5M 6s
 11800K .......... .......... .......... .......... .......... 43% 41.3M 6s
 11850K .......... .......... .......... .......... .......... 43% 40.3M 6s
 11900K .......... .......... .......... .......... .......... 43% 6.89M 6s
 11950K .......... .......... .......... .......... .......... 43% 5.93M 6s
 12000K .......... .......... .......... .......... .......... 44% 15.7M 6s
 12050K .......... .......... .......... .......... .......... 44% 1.90M 6s
 12100K .......... .......... .......... .......... .......... 44%  449K 6s
 12150K .......... .......... .......... .......... .......... 44% 12.7M 6s
 12200K .......... .......... .......... .......... .......... 44% 16.9M 6s
 12250K .......... .......... .......... .......... .......... 45% 44.7M 6s
 12300K .......... .......... .......... .......... .......... 45% 68.5M 6s
 12350K .......... .......... .......... .......... .......... 45% 5.36M 6s
 12400K .......... .......... .......... .......... .......... 45% 7.29M 6s
 12450K .......... .......... .......... .......... .......... 45% 23.6M 6s
 12500K .......... .......... .......... .......... .......... 45% 9.76M 6s
 12550K .......... .......... .......... .......... .......... 46%  371K 6s
 12600K .......... .......... .......... .......... .......... 46% 11.2M 6s
 12650K .......... .......... .......... .......... .......... 46% 11.9M 6s
 12700K .......... .......... .......... .......... .......... 46% 13.6M 6s
 12750K .......... .......... .......... .......... .......... 46% 72.9M 6s
 12800K .......... .......... .......... .......... .......... 47% 18.6M 6s
 12850K .......... .......... .......... .......... .......... 47% 5.74M 6s
 12900K .......... .......... .......... .......... .......... 47% 22.2M 6s
 12950K .......... .......... .......... .......... .......... 47% 7.88M 6s
 13000K .......... .......... .......... .......... .......... 47%  378K 6s
 13050K .......... .......... .......... .......... .......... 47% 8.85M 6s
 13100K .......... .......... .......... .......... .......... 48% 11.8M 6s
 13150K .......... .......... .......... .......... .......... 48% 12.3M 6s
 13200K .......... .......... .......... .......... .......... 48% 49.5M 6s
 13250K .......... .......... .......... .......... .......... 48% 20.6M 6s
 13300K .......... .......... .......... .......... .......... 48% 5.63M 6s
 13350K .......... .......... .......... .......... .......... 49% 13.4M 6s
 13400K .......... .......... .......... .......... .......... 49% 9.80M 6s
 13450K .......... .......... .......... .......... .......... 49%  823K 6s
 13500K .......... .......... .......... .......... .......... 49%  682K 6s
 13550K .......... .......... .......... .......... .......... 49% 9.68M 6s
 13600K .......... .......... .......... .......... .......... 50% 9.29M 5s
 13650K .......... .......... .......... .......... .......... 50% 18.7M 5s
 13700K .......... .......... .......... .......... .......... 50% 74.2M 5s
 13750K .......... .......... .......... .......... .......... 50% 14.2M 5s
 13800K .......... .......... .......... .......... .......... 50% 5.52M 5s
 13850K .......... .......... .......... .......... .......... 50% 12.2M 5s
 13900K .......... .......... .......... .......... .......... 51% 1.77M 5s
 13950K .......... .......... .......... .......... .......... 51%  461K 5s
 14000K .......... .......... .......... .......... .......... 51% 9.95M 5s
 14050K .......... .......... .......... .......... .......... 51% 16.8M 5s
 14100K .......... .......... .......... .......... .......... 51% 9.43M 5s
 14150K .......... .......... .......... .......... .......... 52% 32.3M 5s
 14200K .......... .......... .......... .......... .......... 52% 15.6M 5s
 14250K .......... .......... .......... .......... .......... 52% 6.34M 5s
 14300K .......... .......... .......... .......... .......... 52% 10.8M 5s
 14350K .......... .......... .......... .......... .......... 52% 8.59M 5s
 14400K .......... .......... .......... .......... .......... 52%  386K 5s
 14450K .......... .......... .......... .......... .......... 53% 14.6M 5s
 14500K .......... .......... .......... .......... .......... 53% 8.00M 5s
 14550K .......... .......... .......... .......... .......... 53% 13.8M 5s
 14600K .......... .......... .......... .......... .......... 53% 31.8M 5s
 14650K .......... .......... .......... .......... .......... 53% 18.7M 5s
 14700K .......... .......... .......... .......... .......... 54% 6.12M 5s
 14750K .......... .......... .......... .......... .......... 54% 8.92M 5s
 14800K .......... .......... .......... .......... .......... 54% 9.33M 5s
 14850K .......... .......... .......... .......... .......... 54%  517K 5s
 14900K .......... .......... .......... .......... .......... 54% 1.49M 5s
 14950K .......... .......... .......... .......... .......... 54% 6.17M 5s
 15000K .......... .......... .......... .......... .......... 55% 12.2M 5s
 15050K .......... .......... .......... .......... .......... 55% 27.9M 5s
 15100K .......... .......... .......... .......... .......... 55% 34.8M 5s
 15150K .......... .......... .......... .......... .......... 55% 8.64M 5s
 15200K .......... .......... .......... .......... .......... 55% 8.33M 5s
 15250K .......... .......... .......... .......... .......... 56% 9.16M 5s
 15300K .......... .......... .......... .......... .......... 56%  832K 5s
 15350K .......... .......... .......... .......... .......... 56%  688K 5s
 15400K .......... .......... .......... .......... .......... 56% 9.53M 5s
 15450K .......... .......... .......... .......... .......... 56% 9.06M 5s
 15500K .......... .......... .......... .......... .......... 56% 22.6M 5s
 15550K .......... .......... .......... .......... .......... 57% 22.0M 5s
 15600K .......... .......... .......... .......... .......... 57% 24.0M 5s
 15650K .......... .......... .......... .......... .......... 57% 3.94M 5s
 15700K .......... .......... .......... .......... .......... 57% 20.6M 5s
 15750K .......... .......... .......... .......... .......... 57% 10.2M 5s
 15800K .......... .......... .......... .......... .......... 58%  389K 5s
 15850K .......... .......... .......... .......... .......... 58% 13.8M 5s
 15900K .......... .......... .......... .......... .......... 58% 8.93M 4s
 15950K .......... .......... .......... .......... .......... 58% 14.1M 4s
 16000K .......... .......... .......... .......... .......... 58% 30.9M 4s
 16050K .......... .......... .......... .......... .......... 58% 15.1M 4s
 16100K .......... .......... .......... .......... .......... 59% 4.50M 4s
 16150K .......... .......... .......... .......... .......... 59% 20.7M 4s
 16200K .......... .......... .......... .......... .......... 59% 7.54M 4s
 16250K .......... .......... .......... .......... .......... 59%  515K 4s
 16300K .......... .......... .......... .......... .......... 59% 1.41M 4s
 16350K .......... .......... .......... .......... .......... 60% 11.1M 4s
 16400K .......... .......... .......... .......... .......... 60% 11.3M 4s
 16450K .......... .......... .......... .......... .......... 60% 31.7M 4s
 16500K .......... .......... .......... .......... .......... 60% 22.2M 4s
 16550K .......... .......... .......... .......... .......... 60% 10.6M 4s
 16600K .......... .......... .......... .......... .......... 61% 5.35M 4s
 16650K .......... .......... .......... .......... .......... 61% 7.37M 4s
 16700K .......... .......... .......... .......... .......... 61%  863K 4s
 16750K .......... .......... .......... .......... .......... 61%  643K 4s
 16800K .......... .......... .......... .......... .......... 61% 16.8M 4s
 16850K .......... .......... .......... .......... .......... 61% 18.4M 4s
 16900K .......... .......... .......... .......... .......... 62% 21.4M 4s
 16950K .......... .......... .......... .......... .......... 62% 24.9M 4s
 17000K .......... .......... .......... .......... .......... 62% 34.8M 4s
 17050K .......... .......... .......... .......... .......... 62% 4.04M 4s
 17100K .......... .......... .......... .......... .......... 62% 20.0M 4s
 17150K .......... .......... .......... .......... .......... 63% 6.96M 4s
 17200K .......... .......... .......... .......... .......... 63%  379K 4s
 17250K .......... .......... .......... .......... .......... 63% 21.8M 4s
 17300K .......... .......... .......... .......... .......... 63% 14.8M 4s
 17350K .......... .......... .......... .......... .......... 63% 26.2M 4s
 17400K .......... .......... .......... .......... .......... 63% 21.2M 4s
 17450K .......... .......... .......... .......... .......... 64% 34.4M 4s
 17500K .......... .......... .......... .......... .......... 64% 4.74M 4s
 17550K .......... .......... .......... .......... .......... 64% 14.7M 4s
 17600K .......... .......... .......... .......... .......... 64% 6.44M 4s
 17650K .......... .......... .......... .......... .......... 64%  514K 4s
 17700K .......... .......... .......... .......... .......... 65% 1.31M 4s
 17750K .......... .......... .......... .......... .......... 65% 14.3M 4s
 17800K .......... .......... .......... .......... .......... 65% 25.3M 4s
 17850K .......... .......... .......... .......... .......... 65% 32.9M 4s
 17900K .......... .......... .......... .......... .......... 65% 25.9M 4s
 17950K .......... .......... .......... .......... .......... 65% 9.72M 4s
 18000K .......... .......... .......... .......... .......... 66% 5.56M 4s
 18050K .......... .......... .......... .......... .......... 66% 6.45M 4s
 18100K .......... .......... .......... .......... .......... 66%  860K 4s
 18150K .......... .......... .......... .......... .......... 66%  664K 4s
 18200K .......... .......... .......... .......... .......... 66% 20.3M 4s
 18250K .......... .......... .......... .......... .......... 67% 12.3M 4s
 18300K .......... .......... .......... .......... .......... 67% 40.5M 3s
 18350K .......... .......... .......... .......... .......... 67% 23.4M 3s
 18400K .......... .......... .......... .......... .......... 67% 32.5M 3s
 18450K .......... .......... .......... .......... .......... 67% 4.02M 3s
 18500K .......... .......... .......... .......... .......... 67% 26.7M 3s
 18550K .......... .......... .......... .......... .......... 68%  778K 3s
 18600K .......... .......... .......... .......... .......... 68%  653K 3s
 18650K .......... .......... .......... .......... .......... 68%  293K 3s
 18700K .......... .......... .......... .......... .......... 68%  189M 3s
 18750K .......... .......... .......... .......... .......... 68%  138M 3s
 18800K .......... .......... .......... .......... .......... 69%  233M 3s
 18850K .......... .......... .......... .......... .......... 69%  162M 3s
 18900K .......... .......... .......... .......... .......... 69%  238M 3s
 18950K .......... .......... .......... .......... .......... 69%  145M 3s
 19000K .......... .......... .......... .......... .......... 69%  213M 3s
 19050K .......... .......... .......... .......... .......... 69%  251M 3s
 19100K .......... .......... .......... .......... .......... 70%  259M 3s
 19150K .......... .......... .......... .......... .......... 70%  225M 3s
 19200K .......... .......... .......... .......... .......... 70% 17.6M 3s
 19250K .......... .......... .......... .......... .......... 70% 10.3M 3s
 19300K .......... .......... .......... .......... .......... 70% 7.25M 3s
 19350K .......... .......... .......... .......... .......... 71% 6.03M 3s
 19400K .......... .......... .......... .......... .......... 71%  360K 3s
 19450K .......... .......... .......... .......... .......... 71% 9.78M 3s
 19500K .......... .......... .......... .......... .......... 71% 12.6M 3s
 19550K .......... .......... .......... .......... .......... 71% 36.8M 3s
 19600K .......... .......... .......... .......... .......... 71% 20.7M 3s
 19650K .......... .......... .......... .......... .......... 72% 6.62M 3s
 19700K .......... .......... .......... .......... .......... 72% 1.10M 3s
 19750K .......... .......... .......... .......... .......... 72%  494K 3s
 19800K .......... .......... .......... .......... .......... 72% 6.55M 3s
 19850K .......... .......... .......... .......... .......... 72% 14.0M 3s
 19900K .......... .......... .......... .......... .......... 73% 32.2M 3s
 19950K .......... .......... .......... .......... .......... 73% 6.86M 3s
 20000K .......... .......... .......... .......... .......... 73% 14.7M 3s
 20050K .......... .......... .......... .......... .......... 73%  752K 3s
 20100K .......... .......... .......... .......... .......... 73%  662K 3s
 20150K .......... .......... .......... .......... .......... 74% 6.65M 3s
 20200K .......... .......... .......... .......... .......... 74% 14.3M 3s
 20250K .......... .......... .......... .......... .......... 74% 32.2M 3s
 20300K .......... .......... .......... .......... .......... 74% 6.64M 3s
 20350K .......... .......... .......... .......... .......... 74% 15.2M 3s
 20400K .......... .......... .......... .......... .......... 74%  744K 3s
 20450K .......... .......... .......... .......... .......... 75%  668K 3s
 20500K .......... .......... .......... .......... .......... 75% 6.49M 3s
 20550K .......... .......... .......... .......... .......... 75% 12.8M 3s
 20600K .......... .......... .......... .......... .......... 75% 53.9M 3s
 20650K .......... .......... .......... .......... .......... 75% 25.7M 3s
 20700K .......... .......... .......... .......... .......... 76% 6.06M 3s
 20750K .......... .......... .......... .......... .......... 76% 8.47M 3s
 20800K .......... .......... .......... .......... .......... 76%  355K 3s
 20850K .......... .......... .......... .......... .......... 76% 6.16M 3s
 20900K .......... .......... .......... .......... .......... 76% 14.4M 3s
 20950K .......... .......... .......... .......... .......... 76% 57.5M 2s
 21000K .......... .......... .......... .......... .......... 77% 38.7M 2s
 21050K .......... .......... .......... .......... .......... 77% 10.9M 2s
 21100K .......... .......... .......... .......... .......... 77% 7.74M 2s
 21150K .......... .......... .......... .......... .......... 77%  485K 2s
 21200K .......... .......... .......... .......... .......... 77% 1.10M 2s
 21250K .......... .......... .......... .......... .......... 78% 6.93M 2s
 21300K .......... .......... .......... .......... .......... 78% 62.2M 2s
 21350K .......... .......... .......... .......... .......... 78% 56.8M 2s
 21400K .......... .......... .......... .......... .......... 78% 38.9M 2s
 21450K .......... .......... .......... .......... .......... 78% 11.4M 2s
 21500K .......... .......... .......... .......... .......... 78% 10.9M 2s
 21550K .......... .......... .......... .......... .......... 79%  353K 2s
 21600K .......... .......... .......... .......... .......... 79% 5.15M 2s
 21650K .......... .......... .......... .......... .......... 79% 14.2M 2s
 21700K .......... .......... .......... .......... .......... 79% 58.7M 2s
 21750K .......... .......... .......... .......... .......... 79% 49.2M 2s
 21800K .......... .......... .......... .......... .......... 80% 12.7M 2s
 21850K .......... .......... .......... .......... .......... 80% 22.8M 2s
 21900K .......... .......... .......... .......... .......... 80% 1.21M 2s
 21950K .......... .......... .......... .......... .......... 80%  476K 2s
 22000K .......... .......... .......... .......... .......... 80% 4.64M 2s
 22050K .......... .......... .......... .......... .......... 80% 23.5M 2s
 22100K .......... .......... .......... .......... .......... 81% 54.8M 2s
 22150K .......... .......... .......... .......... .......... 81% 53.1M 2s
 22200K .......... .......... .......... .......... .......... 81% 11.7M 2s
 22250K .......... .......... .......... .......... .......... 81% 22.2M 2s
 22300K .......... .......... .......... .......... .......... 81%  749K 2s
 22350K .......... .......... .......... .......... .......... 82%  634K 2s
 22400K .......... .......... .......... .......... .......... 82% 4.74M 2s
 22450K .......... .......... .......... .......... .......... 82% 25.9M 2s
 22500K .......... .......... .......... .......... .......... 82% 55.7M 2s
 22550K .......... .......... .......... .......... .......... 82% 53.6M 2s
 22600K .......... .......... .......... .......... .......... 82% 7.95M 2s
 22650K .......... .......... .......... .......... .......... 83% 27.3M 2s
 22700K .......... .......... .......... .......... .......... 83%  772K 2s
 22750K .......... .......... .......... .......... .......... 83%  643K 2s
 22800K .......... .......... .......... .......... .......... 83% 4.17M 2s
 22850K .......... .......... .......... .......... .......... 83% 22.9M 2s
 22900K .......... .......... .......... .......... .......... 84%  100M 2s
 22950K .......... .......... .......... .......... .......... 84% 64.0M 2s
 23000K .......... .......... .......... .......... .......... 84% 5.90M 2s
 23050K .......... .......... .......... .......... .......... 84% 35.0M 2s
 23100K .......... .......... .......... .......... .......... 84% 1.33M 2s
 23150K .......... .......... .......... .......... .......... 85%  484K 2s
 23200K .......... .......... .......... .......... .......... 85% 4.19M 2s
 23250K .......... .......... .......... .......... .......... 85% 29.6M 2s
 23300K .......... .......... .......... .......... .......... 85% 62.3M 2s
 23350K .......... .......... .......... .......... .......... 85% 53.3M 2s
 23400K .......... .......... .......... .......... .......... 85% 44.7M 2s
 23450K .......... .......... .......... .......... .......... 86% 5.85M 2s
 23500K .......... .......... .......... .......... .......... 86% 1.32M 1s
 23550K .......... .......... .......... .......... .......... 86%  477K 1s
 23600K .......... .......... .......... .......... .......... 86% 5.13M 1s
 23650K .......... .......... .......... .......... .......... 86% 18.3M 1s
 23700K .......... .......... .......... .......... .......... 87% 28.0M 1s
 23750K .......... .......... .......... .......... .......... 87% 69.4M 1s
 23800K .......... .......... .......... .......... .......... 87% 62.5M 1s
 23850K .......... .......... .......... .......... .......... 87% 5.76M 1s
 23900K .......... .......... .......... .......... .......... 87% 28.8M 1s
 23950K .......... .......... .......... .......... .......... 87%  781K 1s
 24000K .......... .......... .......... .......... .......... 88%  649K 1s
 24050K .......... .......... .......... .......... .......... 88% 4.22M 1s
 24100K .......... .......... .......... .......... .......... 88% 22.2M 1s
 24150K .......... .......... .......... .......... .......... 88% 86.8M 1s
 24200K .......... .......... .......... .......... .......... 88% 62.8M 1s
 24250K .......... .......... .......... .......... .......... 89% 6.42M 1s
 24300K .......... .......... .......... .......... .......... 89% 30.8M 1s
 24350K .......... .......... .......... .......... .......... 89% 1.35M 1s
 24400K .......... .......... .......... .......... .......... 89%  473K 1s
 24450K .......... .......... .......... .......... .......... 89% 4.94M 1s
 24500K .......... .......... .......... .......... .......... 89% 50.4M 1s
 24550K .......... .......... .......... .......... .......... 90% 29.4M 1s
 24600K .......... .......... .......... .......... .......... 90% 59.3M 1s
 24650K .......... .......... .......... .......... .......... 90% 70.5M 1s
 24700K .......... .......... .......... .......... .......... 90% 6.56M 1s
 24750K .......... .......... .......... .......... .......... 90% 31.5M 1s
 24800K .......... .......... .......... .......... .......... 91%  745K 1s
 24850K .......... .......... .......... .......... .......... 91%  664K 1s
 24900K .......... .......... .......... .......... .......... 91% 5.13M 1s
 24950K .......... .......... .......... .......... .......... 91% 27.7M 1s
 25000K .......... .......... .......... .......... .......... 91% 43.0M 1s
 25050K .......... .......... .......... .......... .......... 91% 40.6M 1s
 25100K .......... .......... .......... .......... .......... 92% 35.8M 1s
 25150K .......... .......... .......... .......... .......... 92% 7.35M 1s
 25200K .......... .......... .......... .......... .......... 92% 40.6M 1s
 25250K .......... .......... .......... .......... .......... 92%  461K 1s
 25300K .......... .......... .......... .......... .......... 92% 1.10M 1s
 25350K .......... .......... .......... .......... .......... 93% 10.7M 1s
 25400K .......... .......... .......... .......... .......... 93% 80.8M 1s
 25450K .......... .......... .......... .......... .......... 93% 73.9M 1s
 25500K .......... .......... .......... .......... .......... 93%  120M 1s
 25550K .......... .......... .......... .......... .......... 93% 10.6M 1s
 25600K .......... .......... .......... .......... .......... 93% 27.0M 1s
 25650K .......... .......... .......... .......... .......... 94% 1.21M 1s
 25700K .......... .......... .......... .......... .......... 94%  487K 1s
 25750K .......... .......... .......... .......... .......... 94% 3.68M 1s
 25800K .......... .......... .......... .......... .......... 94% 54.5M 1s
 25850K .......... .......... .......... .......... .......... 94% 50.0M 1s
 25900K .......... .......... .......... .......... .......... 95% 47.4M 1s
 25950K .......... .......... .......... .......... .......... 95% 45.4M 1s
 26000K .......... .......... .......... .......... .......... 95% 8.76M 0s
 26050K .......... .......... .......... .......... .......... 95% 34.7M 0s
 26100K .......... .......... .......... .......... .......... 95%  766K 0s
 26150K .......... .......... .......... .......... .......... 95%  664K 0s
 26200K .......... .......... .......... .......... .......... 96% 3.23M 0s
 26250K .......... .......... .......... .......... .......... 96% 49.9M 0s
 26300K .......... .......... .......... .......... .......... 96% 58.1M 0s
 26350K .......... .......... .......... .......... .......... 96% 56.6M 0s
 26400K .......... .......... .......... .......... .......... 96% 69.5M 0s
 26450K .......... .......... .......... .......... .......... 97% 7.60M 0s
 26500K .......... .......... .......... .......... .......... 97% 47.9M 0s
 26550K .......... .......... .......... .......... .......... 97%  785K 0s
 26600K .......... .......... .......... .......... .......... 97%  655K 0s
 26650K .......... .......... .......... .......... .......... 97% 3.41M 0s
 26700K .......... .......... .......... .......... .......... 98% 52.9M 0s
 26750K .......... .......... .......... .......... .......... 98% 55.0M 0s
 26800K .......... .......... .......... .......... .......... 98% 32.7M 0s
 26850K .......... .......... .......... .......... .......... 98% 33.1M 0s
 26900K .......... .......... .......... .......... .......... 98% 10.3M 0s
 26950K .......... .......... .......... .......... .......... 98% 44.6M 0s
 27000K .......... .......... .......... .......... .......... 99%  782K 0s
 27050K .......... .......... .......... .......... .......... 99%  659K 0s
 27100K .......... .......... .......... .......... .......... 99% 3.43M 0s
 27150K .......... .......... .......... .......... .......... 99% 58.3M 0s
 27200K .......... .......... .......... .......... .......... 99% 53.3M 0s
 27250K .......... .......... .......... .......... ...       100% 65.2M=11s

2017-07-05 17:37:02 (2.46 MB/s) - ‘phenotype_fish.txt’ saved [27948577/27948577]

